Release 14.7 - xst P.20131013 (lin64)
Copyright (c) 1995-2013 Xilinx, Inc.  All rights reserved.
--> 
Parameter TMPDIR set to xst/projnav.tmp


Total REAL time to Xst completion: 0.00 secs
Total CPU time to Xst completion: 0.03 secs
 
--> 
Parameter xsthdpdir set to xst


Total REAL time to Xst completion: 0.00 secs
Total CPU time to Xst completion: 0.03 secs
 
--> 
Reading design: FPCVT.prj

TABLE OF CONTENTS
  1) Synthesis Options Summary
  2) HDL Parsing
  3) HDL Elaboration
  4) HDL Synthesis
       4.1) HDL Synthesis Report
  5) Advanced HDL Synthesis
       5.1) Advanced HDL Synthesis Report
  6) Low Level Synthesis
  7) Partition Report
  8) Design Summary
       8.1) Primitive and Black Box Usage
       8.2) Device utilization summary
       8.3) Partition Resource Summary
       8.4) Timing Report
            8.4.1) Clock Information
            8.4.2) Asynchronous Control Signals Information
            8.4.3) Timing Summary
            8.4.4) Timing Details
            8.4.5) Cross Clock Domains Report


=========================================================================
*                      Synthesis Options Summary                        *
=========================================================================
---- Source Parameters
Input File Name                    : "FPCVT.prj"
Ignore Synthesis Constraint File   : NO

---- Target Parameters
Output File Name                   : "FPCVT"
Output Format                      : NGC
Target Device                      : xc6slx16-3-csg324

---- Source Options
Top Module Name                    : FPCVT
Automatic FSM Extraction           : YES
FSM Encoding Algorithm             : Auto
Safe Implementation                : No
FSM Style                          : LUT
RAM Extraction                     : Yes
RAM Style                          : Auto
ROM Extraction                     : Yes
Shift Register Extraction          : YES
ROM Style                          : Auto
Resource Sharing                   : YES
Asynchronous To Synchronous        : NO
Shift Register Minimum Size        : 2
Use DSP Block                      : Auto
Automatic Register Balancing       : No

---- Target Options
LUT Combining                      : Auto
Reduce Control Sets                : Auto
Add IO Buffers                     : YES
Global Maximum Fanout              : 100000
Add Generic Clock Buffer(BUFG)     : 16
Register Duplication               : YES
Optimize Instantiated Primitives   : NO
Use Clock Enable                   : Auto
Use Synchronous Set                : Auto
Use Synchronous Reset              : Auto
Pack IO Registers into IOBs        : Auto
Equivalent register Removal        : YES

---- General Options
Optimization Goal                  : Speed
Optimization Effort                : 1
Power Reduction                    : NO
Keep Hierarchy                     : No
Netlist Hierarchy                  : As_Optimized
RTL Output                         : Yes
Global Optimization                : AllClockNets
Read Cores                         : YES
Write Timing Constraints           : NO
Cross Clock Analysis               : NO
Hierarchy Separator                : /
Bus Delimiter                      : <>
Case Specifier                     : Maintain
Slice Utilization Ratio            : 100
BRAM Utilization Ratio             : 100
DSP48 Utilization Ratio            : 100
Auto BRAM Packing                  : NO
Slice Utilization Ratio Delta      : 5

=========================================================================


=========================================================================
*                          HDL Parsing                                  *
=========================================================================
Analyzing Verilog file "/home/ise/CSM152A/Proj1/FPCVT.v" into library work
Parsing module <FPCVT>.

=========================================================================
*                            HDL Elaboration                            *
=========================================================================

Elaborating module <FPCVT>.

=========================================================================
*                           HDL Synthesis                               *
=========================================================================

Synthesizing Unit <FPCVT>.
    Related source file is "/home/ise/CSM152A/Proj1/FPCVT.v".
    Found 13-bit adder for signal <D[12]_GND_1_o_add_2_OUT> created at line 39.
    Found 3-bit adder for signal <D[12]_GND_1_o_add_19_OUT> created at line 99.
    Found 5-bit adder for signal <D[12]_GND_1_o_add_22_OUT> created at line 107.
    Summary:
	inferred   3 Adder/Subtractor(s).
	inferred   6 Multiplexer(s).
Unit <FPCVT> synthesized.

=========================================================================
HDL Synthesis Report

Macro Statistics
# Adders/Subtractors                                   : 3
 13-bit adder                                          : 1
 3-bit adder                                           : 1
 5-bit adder                                           : 1
# Multiplexers                                         : 6
 13-bit 2-to-1 multiplexer                             : 1
 3-bit 2-to-1 multiplexer                              : 3
 5-bit 2-to-1 multiplexer                              : 2

=========================================================================

=========================================================================
*                       Advanced HDL Synthesis                          *
=========================================================================


=========================================================================
Advanced HDL Synthesis Report

Macro Statistics
# Adders/Subtractors                                   : 3
 13-bit adder                                          : 1
 3-bit adder                                           : 1
 5-bit adder                                           : 1
# Multiplexers                                         : 6
 13-bit 2-to-1 multiplexer                             : 1
 3-bit 2-to-1 multiplexer                              : 3
 5-bit 2-to-1 multiplexer                              : 2

=========================================================================

=========================================================================
*                         Low Level Synthesis                           *
=========================================================================

Optimizing unit <FPCVT> ...

Mapping all equations...
Building and optimizing final netlist ...
Found area constraint ratio of 100 (+ 5) on block FPCVT, actual ratio is 1.

Final Macro Processing ...

=========================================================================
Final Register Report

Found no macro
=========================================================================

=========================================================================
*                           Partition Report                            *
=========================================================================

Partition Implementation Status
-------------------------------

  No Partitions were found in this design.

-------------------------------

=========================================================================
*                            Design Summary                             *
=========================================================================

Top Level Output File Name         : FPCVT.ngc

Primitive and Black Box Usage:
------------------------------
# BELS                             : 93
#      GND                         : 1
#      INV                         : 12
#      LUT1                        : 1
#      LUT2                        : 1
#      LUT3                        : 13
#      LUT4                        : 3
#      LUT5                        : 11
#      LUT6                        : 24
#      MUXCY                       : 12
#      MUXF7                       : 1
#      VCC                         : 1
#      XORCY                       : 13
# IO Buffers                       : 22
#      IBUF                        : 13
#      OBUF                        : 9

Device utilization summary:
---------------------------

Selected Device : 6slx16csg324-3 


Slice Logic Utilization: 
 Number of Slice LUTs:                   65  out of   9112     0%  
    Number used as Logic:                65  out of   9112     0%  

Slice Logic Distribution: 
 Number of LUT Flip Flop pairs used:     65
   Number with an unused Flip Flop:      65  out of     65   100%  
   Number with an unused LUT:             0  out of     65     0%  
   Number of fully used LUT-FF pairs:     0  out of     65     0%  
   Number of unique control sets:         0

IO Utilization: 
 Number of IOs:                          22
 Number of bonded IOBs:                  22  out of    232     9%  

Specific Feature Utilization:

---------------------------
Partition Resource Summary:
---------------------------

  No Partitions were found in this design.

---------------------------


=========================================================================
Timing Report

NOTE: THESE TIMING NUMBERS ARE ONLY A SYNTHESIS ESTIMATE.
      FOR ACCURATE TIMING INFORMATION PLEASE REFER TO THE TRACE REPORT
      GENERATED AFTER PLACE-and-ROUTE.

Clock Information:
------------------
No clock signals found in this design

Asynchronous Control Signals Information:
----------------------------------------
No asynchronous control signals found in this design

Timing Summary:
---------------
Speed Grade: -3

   Minimum period: No path found
   Minimum input arrival time before clock: No path found
   Maximum output required time after clock: No path found
   Maximum combinational path delay: 14.062ns

Timing Details:
---------------
All values displayed in nanoseconds (ns)

=========================================================================
Timing constraint: Default path analysis
  Total number of paths / destination ports: 15780 / 9
-------------------------------------------------------------------------
Delay:               14.062ns (Levels of Logic = 21)
  Source:            D<0> (PAD)
  Destination:       E<0> (PAD)

  Data Path: D<0> to E<0>
                                Gate     Net
    Cell:in->out      fanout   Delay   Delay  Logical Name (Net Name)
    ----------------------------------------  ------------
     IBUF:I->O             2   1.222   0.617  D_0_IBUF (D_0_IBUF)
     LUT1:I0->O            1   0.205   0.000  Madd_D[12]_GND_1_o_add_2_OUT_cy<0>_rt (Madd_D[12]_GND_1_o_add_2_OUT_cy<0>_rt)
     MUXCY:S->O            1   0.172   0.000  Madd_D[12]_GND_1_o_add_2_OUT_cy<0> (Madd_D[12]_GND_1_o_add_2_OUT_cy<0>)
     MUXCY:CI->O           1   0.019   0.000  Madd_D[12]_GND_1_o_add_2_OUT_cy<1> (Madd_D[12]_GND_1_o_add_2_OUT_cy<1>)
     MUXCY:CI->O           1   0.019   0.000  Madd_D[12]_GND_1_o_add_2_OUT_cy<2> (Madd_D[12]_GND_1_o_add_2_OUT_cy<2>)
     MUXCY:CI->O           1   0.019   0.000  Madd_D[12]_GND_1_o_add_2_OUT_cy<3> (Madd_D[12]_GND_1_o_add_2_OUT_cy<3>)
     MUXCY:CI->O           1   0.019   0.000  Madd_D[12]_GND_1_o_add_2_OUT_cy<4> (Madd_D[12]_GND_1_o_add_2_OUT_cy<4>)
     MUXCY:CI->O           1   0.019   0.000  Madd_D[12]_GND_1_o_add_2_OUT_cy<5> (Madd_D[12]_GND_1_o_add_2_OUT_cy<5>)
     MUXCY:CI->O           1   0.019   0.000  Madd_D[12]_GND_1_o_add_2_OUT_cy<6> (Madd_D[12]_GND_1_o_add_2_OUT_cy<6>)
     MUXCY:CI->O           1   0.019   0.000  Madd_D[12]_GND_1_o_add_2_OUT_cy<7> (Madd_D[12]_GND_1_o_add_2_OUT_cy<7>)
     MUXCY:CI->O           1   0.019   0.000  Madd_D[12]_GND_1_o_add_2_OUT_cy<8> (Madd_D[12]_GND_1_o_add_2_OUT_cy<8>)
     XORCY:CI->O           2   0.180   0.617  Madd_D[12]_GND_1_o_add_2_OUT_xor<9> (D[12]_GND_1_o_add_2_OUT<9>)
     LUT3:I2->O           14   0.205   1.322  Mmux_mag131 (mag<9>)
     LUT6:I0->O            3   0.203   0.755  _n0124<0>21 (_n0124<0>2)
     LUT6:I4->O            1   0.203   0.827  _n0124<0>7_SW0 (N19)
     LUT4:I0->O            1   0.203   0.808  _n0124<0>7 (_n0124<0>7)
     LUT6:I3->O            5   0.205   0.715  _n0124<0>8 (Madd_D[12]_GND_1_o_add_22_OUT_cy<0>)
     LUT5:I4->O            7   0.205   1.002  _n0160<4>1 (_n0160)
     LUT5:I2->O            4   0.205   0.684  Mmux_E311 (Mmux_E31)
     LUT5:I4->O            1   0.205   0.579  Mmux_F41 (F_3_OBUF)
     OBUF:I->O                 2.571          F_3_OBUF (F<3>)
    ----------------------------------------
    Total                     14.062ns (6.136ns logic, 7.926ns route)
                                       (43.6% logic, 56.4% route)

=========================================================================

Cross Clock Domains Report:
--------------------------

=========================================================================


Total REAL time to Xst completion: 4.00 secs
Total CPU time to Xst completion: 3.40 secs
 
--> 


Total memory usage is 474664 kilobytes

Number of errors   :    0 (   0 filtered)
Number of warnings :    0 (   0 filtered)
Number of infos    :    0 (   0 filtered)

