Running: /opt/Xilinx/14.7/ISE_DS/ISE/bin/lin64/unwrapped/fuse -intstyle ise -incremental -lib unisims_ver -lib unimacro_ver -lib xilinxcorelib_ver -lib secureip -o /home/ise/CSM152A/Proj1/FPCVT_TB_isim_beh.exe -prj /home/ise/CSM152A/Proj1/FPCVT_TB_beh.prj work.FPCVT_TB work.glbl 
ISim P.20131013 (signature 0xfbc00daa)
Number of CPUs detected in this system: 4
Turning on mult-threading, number of parallel sub-compilation jobs: 8 
Determining compilation order of HDL files
Analyzing Verilog file "/home/ise/CSM152A/Proj1/FPCVT.v" into library work
Analyzing Verilog file "/home/ise/CSM152A/Proj1/FPCVT_TB.v" into library work
Analyzing Verilog file "/opt/Xilinx/14.7/ISE_DS/ISE//verilog/src/glbl.v" into library work
Starting static elaboration
Completed static elaboration
Fuse Memory Usage: 94948 KB
Fuse CPU Usage: 430 ms
Compiling module FPCVT
Compiling module FPCVT_TB
Compiling module glbl
Time Resolution for simulation is 1ps.
Waiting for 1 sub-compilation(s) to finish...
Compiled 3 Verilog Units
Built simulation executable /home/ise/CSM152A/Proj1/FPCVT_TB_isim_beh.exe
Fuse Memory Usage: 653132 KB
Fuse CPU Usage: 450 ms
GCC CPU Usage: 170 ms
